<?xml version="1.0" encoding="UTF-8"?>
<!-- Generated by org.testng.reporters.JUnitXMLReporter -->
<testsuite ignored="0" hostname="KNPC13" failures="0" tests="11" name="Flipkart Automation Test Cases" time="106.169" errors="0" timestamp="22 Mar 2021 14:48:40 GMT">
  <testcase classname="com.flipkart.testcases.GoogleSearchTest" name="VerifyGoogleSearch" time="0.085"/>
  <testcase classname="com.flipkart.testcases.GoogleSearchTest" name="searchFlipkart" time="0.112"/>
  <testcase classname="com.flipkart.testcases.GoogleSearchTest" name="PrintSearchOptionsAndSubmitSearch" time="3.866"/>
  <testcase classname="com.flipkart.testcases.GoogleSearchTest" name="verifyTitleAfterFlipkartSearch" time="0.009"/>
  <testcase classname="com.flipkart.testcases.GoogleSearchTest" name="clickOnFlipkartLink" time="2.535"/>
  <testcase classname="com.flipkart.testcases.FlipkartTest" name="CloseLoginPopup" time="0.351"/>
  <testcase classname="com.flipkart.testcases.FlipkartTest" name="goToWindowsAc" time="0.6"/>
  <testcase classname="com.flipkart.testcases.FlipkartTest" name="CompareSelectedItem" time="32.96"/>
  <testcase classname="com.flipkart.testcases.AddToCartTest" name="verifyProductNameandPrice" time="0.253"/>
  <testcase classname="com.flipkart.testcases.AddToCartTest" name="VerifyAddToCart" time="52.12"/>
  <testcase classname="com.flipkart.testcases.MyCartTest" name="VerifyPincode" time="13.23"/>
</testsuite> <!-- Flipkart Automation Test Cases -->
