<?xml version="1.0" encoding="UTF-8"?>
<testng-results ignored="0" total="11" passed="11" failed="0" skipped="0">
  <reporter-output>
  </reporter-output>
  <suite started-at="2021-03-22T14:46:54Z" name="QA Automation Task - Flipkart Automation Test" finished-at="2021-03-22T14:48:40Z" duration-ms="106169">
    <groups>
    </groups>
    <test started-at="2021-03-22T14:46:54Z" name="Flipkart Automation Test Cases" finished-at="2021-03-22T14:48:40Z" duration-ms="106169">
      <class name="com.flipkart.testcases.GoogleSearchTest">
        <test-method is-config="true" signature="setup()[pri:0, instance:com.flipkart.testcases.GoogleSearchTest@623a8092]" started-at="2021-03-22T14:46:47Z" name="setup" finished-at="2021-03-22T14:46:54Z" duration-ms="6557" status="PASS">
          <reporter-output>
          </reporter-output>
        </test-method> <!-- setup -->
        <test-method signature="VerifyGoogleSearch()[pri:1, instance:com.flipkart.testcases.GoogleSearchTest@623a8092]" started-at="2021-03-22T14:46:54Z" name="VerifyGoogleSearch" finished-at="2021-03-22T14:46:54Z" duration-ms="85" status="PASS">
          <reporter-output>
          </reporter-output>
        </test-method> <!-- VerifyGoogleSearch -->
        <test-method signature="searchFlipkart()[pri:2, instance:com.flipkart.testcases.GoogleSearchTest@623a8092]" started-at="2021-03-22T14:46:54Z" name="searchFlipkart" finished-at="2021-03-22T14:46:54Z" duration-ms="112" status="PASS">
          <reporter-output>
          </reporter-output>
        </test-method> <!-- searchFlipkart -->
        <test-method signature="PrintSearchOptionsAndSubmitSearch()[pri:3, instance:com.flipkart.testcases.GoogleSearchTest@623a8092]" started-at="2021-03-22T14:46:54Z" name="PrintSearchOptionsAndSubmitSearch" finished-at="2021-03-22T14:46:58Z" duration-ms="3866" status="PASS">
          <reporter-output>
          </reporter-output>
        </test-method> <!-- PrintSearchOptionsAndSubmitSearch -->
        <test-method signature="verifyTitleAfterFlipkartSearch()[pri:4, instance:com.flipkart.testcases.GoogleSearchTest@623a8092]" started-at="2021-03-22T14:46:58Z" name="verifyTitleAfterFlipkartSearch" finished-at="2021-03-22T14:46:58Z" duration-ms="9" status="PASS">
          <reporter-output>
          </reporter-output>
        </test-method> <!-- verifyTitleAfterFlipkartSearch -->
        <test-method signature="clickOnFlipkartLink()[pri:5, instance:com.flipkart.testcases.GoogleSearchTest@623a8092]" started-at="2021-03-22T14:46:58Z" name="clickOnFlipkartLink" finished-at="2021-03-22T14:47:00Z" duration-ms="2535" status="PASS">
          <reporter-output>
          </reporter-output>
        </test-method> <!-- clickOnFlipkartLink -->
      </class> <!-- com.flipkart.testcases.GoogleSearchTest -->
      <class name="com.flipkart.testcases.FlipkartTest">
        <test-method signature="CloseLoginPopup()[pri:6, instance:com.flipkart.testcases.FlipkartTest@a1cdc6d]" started-at="2021-03-22T14:47:00Z" name="CloseLoginPopup" finished-at="2021-03-22T14:47:01Z" duration-ms="351" status="PASS">
          <reporter-output>
          </reporter-output>
        </test-method> <!-- CloseLoginPopup -->
        <test-method signature="goToWindowsAc()[pri:7, instance:com.flipkart.testcases.FlipkartTest@a1cdc6d]" started-at="2021-03-22T14:47:01Z" name="goToWindowsAc" finished-at="2021-03-22T14:47:01Z" duration-ms="600" status="PASS">
          <reporter-output>
          </reporter-output>
        </test-method> <!-- goToWindowsAc -->
        <test-method signature="CompareSelectedItem()[pri:8, instance:com.flipkart.testcases.FlipkartTest@a1cdc6d]" started-at="2021-03-22T14:47:01Z" name="CompareSelectedItem" finished-at="2021-03-22T14:47:34Z" duration-ms="32960" status="PASS">
          <reporter-output>
          </reporter-output>
        </test-method> <!-- CompareSelectedItem -->
      </class> <!-- com.flipkart.testcases.FlipkartTest -->
      <class name="com.flipkart.testcases.AddToCartTest">
        <test-method signature="verifyProductNameandPrice()[pri:9, instance:com.flipkart.testcases.AddToCartTest@175b9425]" started-at="2021-03-22T14:47:34Z" name="verifyProductNameandPrice" finished-at="2021-03-22T14:47:34Z" duration-ms="253" status="PASS">
          <reporter-output>
          </reporter-output>
        </test-method> <!-- verifyProductNameandPrice -->
        <test-method signature="VerifyAddToCart()[pri:10, instance:com.flipkart.testcases.AddToCartTest@175b9425]" started-at="2021-03-22T14:47:34Z" name="VerifyAddToCart" finished-at="2021-03-22T14:48:26Z" duration-ms="52120" status="PASS">
          <reporter-output>
          </reporter-output>
        </test-method> <!-- VerifyAddToCart -->
      </class> <!-- com.flipkart.testcases.AddToCartTest -->
      <class name="com.flipkart.testcases.MyCartTest">
        <test-method signature="VerifyPincode()[pri:11, instance:com.flipkart.testcases.MyCartTest@3098cf3b]" started-at="2021-03-22T14:48:26Z" name="VerifyPincode" finished-at="2021-03-22T14:48:40Z" duration-ms="13230" status="PASS">
          <reporter-output>
          </reporter-output>
        </test-method> <!-- VerifyPincode -->
        <test-method is-config="true" signature="tearDown()[pri:0, instance:com.flipkart.testcases.MyCartTest@3098cf3b]" started-at="2021-03-22T14:48:40Z" name="tearDown" finished-at="2021-03-22T14:48:41Z" duration-ms="761" status="PASS">
          <reporter-output>
          </reporter-output>
        </test-method> <!-- tearDown -->
      </class> <!-- com.flipkart.testcases.MyCartTest -->
    </test> <!-- Flipkart Automation Test Cases -->
  </suite> <!-- QA Automation Task - Flipkart Automation Test -->
</testng-results>
